Connecting to database specified by database.yml
Compiled jquery.js  (3ms)  (pid 2817)
Compiled jquery_ujs.js  (0ms)  (pid 2817)
Compiled application.js  (48ms)  (pid 2817)
Compiled application.css  (0ms)  (pid 2817)
Connecting to database specified by database.yml
Compiled jquery.js  (3ms)  (pid 2817)
Compiled jquery_ujs.js  (0ms)  (pid 2817)
Compiled application.js  (47ms)  (pid 2817)
Compiled application.css  (0ms)  (pid 2817)
Connecting to database specified by database.yml
Compiled jquery.js  (3ms)  (pid 3361)
Compiled jquery_ujs.js  (0ms)  (pid 3361)
Compiled application.js  (74ms)  (pid 3361)
Compiled application.css  (0ms)  (pid 3361)
Connecting to database specified by database.yml
Compiled jquery.js  (2ms)  (pid 3361)
Compiled jquery_ujs.js  (0ms)  (pid 3361)
Compiled application.js  (42ms)  (pid 3361)
Compiled application.css  (0ms)  (pid 3361)
